<?xml version="1.0" encoding="UTF-8"?>
<testng-results skipped="0" failed="1" ignored="0" total="6" passed="5">
  <reporter-output>
  </reporter-output>
  <suite name="Suite" duration-ms="11880" started-at="2017-04-08T10:17:06Z" finished-at="2017-04-08T10:17:17Z">
    <groups>
    </groups>
    <test name="Test" duration-ms="11880" started-at="2017-04-08T10:17:06Z" finished-at="2017-04-08T10:17:17Z">
      <class name="store.GetOrderId">
        <test-method status="FAIL" signature="placeOrder()[pri:0, instance:store.GetOrderId@55f3ddb1]" name="placeOrder" duration-ms="3131" started-at="2017-04-08T15:47:12Z" finished-at="2017-04-08T15:47:15Z">
          <exception class="java.lang.AssertionError">
            <message>
              <![CDATA[1 expectation failed.
Expected status code <201> but was <200>.
]]>
            </message>
            <full-stacktrace>
              <![CDATA[java.lang.AssertionError: 1 expectation failed.
Expected status code <201> but was <200>.

	at sun.reflect.NativeConstructorAccessorImpl.newInstance0(Native Method)
	at sun.reflect.NativeConstructorAccessorImpl.newInstance(NativeConstructorAccessorImpl.java:62)
	at sun.reflect.DelegatingConstructorAccessorImpl.newInstance(DelegatingConstructorAccessorImpl.java:45)
	at java.lang.reflect.Constructor.newInstance(Constructor.java:423)
	at org.codehaus.groovy.reflection.CachedConstructor.invoke(CachedConstructor.java:83)
	at org.codehaus.groovy.reflection.CachedConstructor.doConstructorInvoke(CachedConstructor.java:77)
	at org.codehaus.groovy.runtime.callsite.ConstructorSite$ConstructorSiteNoUnwrap.callConstructor(ConstructorSite.java:84)
	at org.codehaus.groovy.runtime.callsite.CallSiteArray.defaultCallConstructor(CallSiteArray.java:60)
	at org.codehaus.groovy.runtime.callsite.AbstractCallSite.callConstructor(AbstractCallSite.java:235)
	at org.codehaus.groovy.runtime.callsite.AbstractCallSite.callConstructor(AbstractCallSite.java:247)
	at io.restassured.internal.ResponseSpecificationImpl$HamcrestAssertionClosure.validate(ResponseSpecificationImpl.groovy:471)
	at io.restassured.internal.ResponseSpecificationImpl$HamcrestAssertionClosure$validate$1.call(Unknown Source)
	at org.codehaus.groovy.runtime.callsite.CallSiteArray.defaultCall(CallSiteArray.java:48)
	at org.codehaus.groovy.runtime.callsite.AbstractCallSite.call(AbstractCallSite.java:113)
	at org.codehaus.groovy.runtime.callsite.AbstractCallSite.call(AbstractCallSite.java:125)
	at io.restassured.internal.ResponseSpecificationImpl.validateResponseIfRequired(ResponseSpecificationImpl.groovy:636)
	at sun.reflect.NativeMethodAccessorImpl.invoke0(Native Method)
	at sun.reflect.NativeMethodAccessorImpl.invoke(NativeMethodAccessorImpl.java:62)
	at sun.reflect.DelegatingMethodAccessorImpl.invoke(DelegatingMethodAccessorImpl.java:43)
	at java.lang.reflect.Method.invoke(Method.java:498)
	at org.codehaus.groovy.runtime.callsite.PogoMetaMethodSite$PogoCachedMethodSiteNoUnwrapNoCoerce.invoke(PogoMetaMethodSite.java:210)
	at org.codehaus.groovy.runtime.callsite.PogoMetaMethodSite.callCurrent(PogoMetaMethodSite.java:59)
	at org.codehaus.groovy.runtime.callsite.CallSiteArray.defaultCallCurrent(CallSiteArray.java:52)
	at org.codehaus.groovy.runtime.callsite.AbstractCallSite.callCurrent(AbstractCallSite.java:154)
	at org.codehaus.groovy.runtime.callsite.AbstractCallSite.callCurrent(AbstractCallSite.java:166)
	at io.restassured.internal.ResponseSpecificationImpl.statusCode(ResponseSpecificationImpl.groovy:122)
	at io.restassured.specification.ResponseSpecification$statusCode$0.callCurrent(Unknown Source)
	at org.codehaus.groovy.runtime.callsite.CallSiteArray.defaultCallCurrent(CallSiteArray.java:52)
	at org.codehaus.groovy.runtime.callsite.AbstractCallSite.callCurrent(AbstractCallSite.java:154)
	at org.codehaus.groovy.runtime.callsite.AbstractCallSite.callCurrent(AbstractCallSite.java:166)
	at io.restassured.internal.ResponseSpecificationImpl.statusCode(ResponseSpecificationImpl.groovy:130)
	at io.restassured.internal.ValidatableResponseOptionsImpl.statusCode(ValidatableResponseOptionsImpl.java:117)
	at store.GetOrderId.placeOrder(GetOrderId.java:47)
	at sun.reflect.NativeMethodAccessorImpl.invoke0(Native Method)
	at sun.reflect.NativeMethodAccessorImpl.invoke(NativeMethodAccessorImpl.java:62)
	at sun.reflect.DelegatingMethodAccessorImpl.invoke(DelegatingMethodAccessorImpl.java:43)
	at java.lang.reflect.Method.invoke(Method.java:498)
	at org.testng.internal.MethodInvocationHelper.invokeMethod(MethodInvocationHelper.java:108)
	at org.testng.internal.Invoker.invokeMethod(Invoker.java:661)
	at org.testng.internal.Invoker.invokeTestMethod(Invoker.java:869)
	at org.testng.internal.Invoker.invokeTestMethods(Invoker.java:1193)
	at org.testng.internal.TestMethodWorker.invokeTestMethods(TestMethodWorker.java:126)
	at org.testng.internal.TestMethodWorker.run(TestMethodWorker.java:109)
	at org.testng.TestRunner.privateRun(TestRunner.java:744)
	at org.testng.TestRunner.run(TestRunner.java:602)
	at org.testng.SuiteRunner.runTest(SuiteRunner.java:380)
	at org.testng.SuiteRunner.runSequentially(SuiteRunner.java:375)
	at org.testng.SuiteRunner.privateRun(SuiteRunner.java:340)
	at org.testng.SuiteRunner.run(SuiteRunner.java:289)
	at org.testng.SuiteRunnerWorker.runSuite(SuiteRunnerWorker.java:52)
	at org.testng.SuiteRunnerWorker.run(SuiteRunnerWorker.java:86)
	at org.testng.TestNG.runSuitesSequentially(TestNG.java:1301)
	at org.testng.TestNG.runSuitesLocally(TestNG.java:1226)
	at org.testng.TestNG.runSuites(TestNG.java:1144)
	at org.testng.TestNG.run(TestNG.java:1115)
	at org.testng.remote.AbstractRemoteTestNG.run(AbstractRemoteTestNG.java:132)
	at org.testng.remote.RemoteTestNG.initAndRun(RemoteTestNG.java:230)
	at org.testng.remote.RemoteTestNG.main(RemoteTestNG.java:76)
]]>
            </full-stacktrace>
          </exception> <!-- java.lang.AssertionError -->
          <reporter-output>
          </reporter-output>
        </test-method> <!-- placeOrder -->
      </class> <!-- store.GetOrderId -->
      <class name="store.DeleteOrderId">
        <test-method status="PASS" signature="deleteOrderId()[pri:0, instance:store.DeleteOrderId@c038203]" name="deleteOrderId" duration-ms="4049" started-at="2017-04-08T15:47:06Z" finished-at="2017-04-08T15:47:10Z">
          <reporter-output>
          </reporter-output>
        </test-method> <!-- deleteOrderId -->
      </class> <!-- store.DeleteOrderId -->
      <class name="store.PostStoreOrder">
        <test-method status="PASS" signature="placeOrder()[pri:0, instance:store.PostStoreOrder@8bd1b6a]" name="placeOrder" duration-ms="1170" started-at="2017-04-08T15:47:15Z" finished-at="2017-04-08T15:47:16Z">
          <reporter-output>
          </reporter-output>
        </test-method> <!-- placeOrder -->
      </class> <!-- store.PostStoreOrder -->
      <class name="store.GetStoreInventory">
        <test-method status="PASS" signature="setUp()[pri:0, instance:store.GetStoreInventory@18be83e4]" name="setUp" is-config="true" duration-ms="0" started-at="2017-04-08T15:47:16Z" finished-at="2017-04-08T15:47:16Z">
          <reporter-output>
          </reporter-output>
        </test-method> <!-- setUp -->
        <test-method status="PASS" signature="getStatus()[pri:0, instance:store.GetStoreInventory@18be83e4]" name="getStatus" duration-ms="1231" started-at="2017-04-08T15:47:16Z" finished-at="2017-04-08T15:47:17Z">
          <reporter-output>
          </reporter-output>
        </test-method> <!-- getStatus -->
      </class> <!-- store.GetStoreInventory -->
      <class name="com.honeywell.team1.HoneywellTeam1.alphatest.PetTests">
        <test-method status="PASS" signature="addNewPetPost()[pri:0, instance:com.honeywell.team1.HoneywellTeam1.alphatest.PetTests@cc285f4]" name="addNewPetPost" duration-ms="825" started-at="2017-04-08T15:47:10Z" finished-at="2017-04-08T15:47:10Z">
          <reporter-output>
          </reporter-output>
        </test-method> <!-- addNewPetPost -->
        <test-method status="PASS" signature="updatePetPut()[pri:0, instance:com.honeywell.team1.HoneywellTeam1.alphatest.PetTests@cc285f4]" name="updatePetPut" duration-ms="1436" started-at="2017-04-08T15:47:10Z" finished-at="2017-04-08T15:47:12Z">
          <reporter-output>
          </reporter-output>
        </test-method> <!-- updatePetPut -->
      </class> <!-- com.honeywell.team1.HoneywellTeam1.alphatest.PetTests -->
    </test> <!-- Test -->
  </suite> <!-- Suite -->
</testng-results>
